\BOOKMARK [1][-]{section.1}{Specyfikacja wymagan}{}% 1
\BOOKMARK [1][-]{section.2}{Analiza wymagan}{}% 2
\BOOKMARK [2][-]{subsection.2.1}{Wymagania funkcjonalne}{section.2}% 3
\BOOKMARK [2][-]{subsection.2.2}{Wymagania niefunkcjonalne}{section.2}% 4
\BOOKMARK [3][-]{subsubsection.2.2.1}{Uzytecznosc}{subsection.2.2}% 5
\BOOKMARK [3][-]{subsubsection.2.2.2}{Niezawodnosc i bezpieczenstwo}{subsection.2.2}% 6
\BOOKMARK [3][-]{subsubsection.2.2.3}{Wydajnosc}{subsection.2.2}% 7
\BOOKMARK [1][-]{section.3}{Przypadki uzycia}{}% 8
\BOOKMARK [1][-]{section.4}{Architektura systemu}{}% 9
\BOOKMARK [1][-]{section.5}{W\233asciwosci niezawodnosci i bezpieczenstwa}{}% 10
\BOOKMARK [2][-]{subsection.5.1}{Keycloak}{section.5}% 11
\BOOKMARK [3][-]{subsubsection.5.1.1}{Autoryzacja przy pomocy token\363w OpenID}{subsection.5.1}% 12
\BOOKMARK [3][-]{subsubsection.5.1.2}{Keycloak w kontekscie RODO}{subsection.5.1}% 13
\BOOKMARK [3][-]{subsubsection.5.1.3}{Wykorzystanie w projekcie}{subsection.5.1}% 14
\BOOKMARK [2][-]{subsection.5.2}{Replikacja baz danych}{section.5}% 15
\BOOKMARK [3][-]{subsubsection.5.2.1}{Implementacja}{subsection.5.2}% 16
\BOOKMARK [3][-]{subsubsection.5.2.2}{Wiezy sp\363jnosci}{subsection.5.2}% 17
\BOOKMARK [3][-]{subsubsection.5.2.3}{ProxySQL}{subsection.5.2}% 18
\BOOKMARK [2][-]{subsection.5.3}{Wysoka niezawodnosc}{section.5}% 19
\BOOKMARK [2][-]{subsection.5.4}{Zarzadzanie instancjami serwis\363w}{section.5}% 20
\BOOKMARK [1][-]{section.6}{Rozwiazanie}{}% 21
\BOOKMARK [2][-]{subsection.6.1}{Serwis uzytkownik\363w}{section.6}% 22
\BOOKMARK [2][-]{subsection.6.2}{Serwis produkt\363w}{section.6}% 23
\BOOKMARK [2][-]{subsection.6.3}{Serwis zam\363wien}{section.6}% 24
\BOOKMARK [2][-]{subsection.6.4}{Frontend}{section.6}% 25
\BOOKMARK [2][-]{subsection.6.5}{Specyfikacja technologii realizacji oprogramowania}{section.6}% 26
\BOOKMARK [3][-]{subsubsection.6.5.1}{Standaryzacja zapytan}{subsection.6.5}% 27
\BOOKMARK [1][-]{section.7}{Organizacja projektu}{}% 28
\BOOKMARK [2][-]{subsection.7.1}{Mozliwe rozszerzenia}{section.7}% 29
\BOOKMARK [2][-]{subsection.7.2}{Przydzia\233 zadan}{section.7}% 30
\BOOKMARK [2][-]{subsection.7.3}{Etapy projektu}{section.7}% 31
